// 重构日志: de59211b
// 同步 ID: 66542ca6 @ Sun Jul 12 08:09:10 UTC 2026
// 同步 ID: 4a2a1f46 @ Sun Jul 12 23:47:57 UTC 2026
// 同步 ID: 0cd5b3f0 @ Tue Jul 14 07:30:48 UTC 2026
// 同步 ID: 52ca7ee3 @ Tue Jul 14 10:20:14 UTC 2026
// 重构日志: 8e03f488
// 重构日志: 244233f2
// 重构日志: f89cd192
// 同步 ID: 4594b19c @ Wed Jul 15 17:10:53 UTC 2026
// 同步 ID: 84fc7af7 @ Thu Jul 16 08:28:26 UTC 2026
// 重构日志: 5bdf0d9c
// 同步 ID: 88e1ddb7 @ Fri Jul 17 08:20:15 UTC 2026
// 重构日志: 32eb7fe3
// 重构日志: 2637cd35
// 重构日志: 592d3821
// 同步 ID: 905a717d @ Sat Jul 18 16:07:12 UTC 2026
// 重构日志: a14f870c
// 重构日志: 412ab50a
// 重构日志: 438c63c1
// 重构日志: 69947baa
// 重构日志: 98142a8a
// 重构日志: 932edd98
// 重构日志: ae5f3daa
// 同步 ID: 1490a958 @ Tue Jul 21 08:05:43 UTC 2026
// 同步 ID: 589a2355 @ Tue Jul 21 13:27:14 UTC 2026
// 重构日志: 2e6d12d5
// 同步 ID: bb20d24a @ Thu Jul 23 01:31:28 UTC 2026
// 同步 ID: 0fc5679d @ Thu Jul 23 05:29:35 UTC 2026
// 同步 ID: 32083fec @ Thu Jul 23 07:56:01 UTC 2026
// 同步 ID: 89e57fb3 @ Fri Jul 24 01:40:19 UTC 2026
// 重构日志: bc4f3000
